Using pre-set license
Desktop is 1920 x 1080 @ 60 Hz

 COMMAND LINE ARGUMENTS:
Unity
-adb2
-batchMode
-noUpm
-name
AssetImportWorker0
-projectPath
/home/gerard/Introduction to Scripting Part 1/Introduction to Scripting Part 1
-logFile
Logs/AssetImportWorker0.log
-srvPort
39573
Successfully changed project path to: /home/gerard/Introduction to Scripting Part 1/Introduction to Scripting Part 1
/home/gerard/Introduction to Scripting Part 1/Introduction to Scripting Part 1
Using Asset Import Pipeline V2.
Refreshing native plugins compatible for Editor in 23,20 ms, found 0 plugins.
Preloading 0 native plugins for Editor in 0,00 ms.
Initialize engine version: 2020.2.4f1 (becced5a802b)
[Subsystems] Discovering subsystems at path /home/gerard/Unity/Hub/Editor/2020.2.4f1/Editor/Data/Resources/UnitySubsystems
[Subsystems] Discovering subsystems at path /home/gerard/Introduction to Scripting Part 1/Introduction to Scripting Part 1/Assets
GLX Extensions: GLX_ARB_create_context GLX_ARB_create_context_no_error GLX_ARB_create_context_profile GLX_ARB_create_context_robustness GLX_ARB_fbconfig_float GLX_ARB_framebuffer_sRGB GLX_ARB_get_proc_address GLX_ARB_multisample GLX_EXT_buffer_age GLX_EXT_create_context_es2_profile GLX_EXT_create_context_es_profile GLX_EXT_fbconfig_packed_float GLX_EXT_framebuffer_sRGB GLX_EXT_import_context GLX_EXT_no_config_context GLX_EXT_swap_control GLX_EXT_swap_control_tear GLX_EXT_texture_from_pixmap GLX_EXT_visual_info GLX_EXT_visual_rating GLX_INTEL_swap_event GLX_MESA_copy_sub_buffer GLX_MESA_query_renderer GLX_MESA_swap_control GLX_OML_swap_method GLX_OML_sync_control GLX_SGIS_multisample GLX_SGIX_fbconfig GLX_SGIX_pbuffer GLX_SGIX_visual_select_group GLX_SGI_make_current_read GLX_SGI_swap_control GLX_SGI_video_sync 
Renderer: Mesa DRI Intel(R) HD Graphics 4600 (HSW GT2)
Vendor:   Intel Open Source Technology Center
Version:  4.5 (Core Profile) Mesa 21.2.6
GLES:     0
 GL_3DFX_texture_compression_FXT1 GL_AMD_conservative_depth GL_AMD_draw_buffers_blend GL_AMD_multi_draw_indirect GL_AMD_query_buffer_object GL_AMD_seamless_cubemap_per_texture GL_AMD_shader_trinary_minmax GL_AMD_texture_texture4 GL_AMD_vertex_shader_layer GL_AMD_vertex_shader_viewport_index GL_ANGLE_texture_compression_dxt3 GL_ANGLE_texture_compression_dxt5 GL_APPLE_object_purgeable GL_ARB_ES2_compatibility GL_ARB_ES3_1_compatibility GL_ARB_ES3_compatibility GL_ARB_arrays_of_arrays GL_ARB_base_instance GL_ARB_blend_func_extended GL_ARB_buffer_storage GL_ARB_clear_buffer_object GL_ARB_clear_texture GL_ARB_clip_control GL_ARB_compressed_texture_pixel_storage GL_ARB_compute_shader GL_ARB_compute_variable_group_size GL_ARB_conditional_render_inverted GL_ARB_conservative_depth GL_ARB_copy_buffer GL_ARB_copy_image GL_ARB_cull_distance GL_ARB_debug_output GL_ARB_depth_buffer_float GL_ARB_depth_clamp GL_ARB_derivative_control GL_ARB_direct_state_access GL_ARB_draw_buffers GL_ARB_draw_buffers_blend GL_ARB_draw_elemen
ts_base_vertex GL_ARB_draw_indirect GL_ARB_draw_instanced GL_ARB_enhanced_layouts GL_ARB_explicit_attrib_location GL_ARB_explicit_uniform_location GL_ARB_fragment_coord_conventions GL_ARB_fragment_layer_viewport GL_ARB_fragment_shader GL_ARB_framebuffer_no_attachments GL_ARB_framebuffer_object GL_ARB_framebuffer_sRGB GL_ARB_get_program_binary GL_ARB_get_texture_sub_image GL_ARB_gl_spirv GL_ARB_gpu_shader5 GL_ARB_gpu_shader_fp64 GL_ARB_half_float_pixel GL_ARB_half_float_vertex GL_ARB_indirect_parameters GL_ARB_instanced_arrays GL_ARB_internalformat_query GL_ARB_internalformat_query2 GL_ARB_invalidate_subdata GL_ARB_map_buffer_alignment GL_ARB_map_buffer_range GL_ARB_multi_bind GL_ARB_multi_draw_indirect GL_ARB_occlusion_query2 GL_ARB_parallel_shader_compile GL_ARB_pipeline_statistics_query GL_ARB_pixel_buffer_object GL_ARB_point_sprite GL_ARB_polygon_offset_clamp GL_ARB_program_interface_query GL_ARB_provoking_vertex GL_ARB_query_buffer_object GL_ARB_robust_buffer_access_behavior GL_ARB_robustness GL_ARB_samp
le_shading GL_ARB_sampler_objects GL_ARB_seamless_cube_map GL_ARB_seamless_cubemap_per_texture GL_ARB_separate_shader_objects GL_ARB_shader_atomic_counter_ops GL_ARB_shader_atomic_counters GL_ARB_shader_bit_encoding GL_ARB_shader_clock GL_ARB_shader_draw_parameters GL_ARB_shader_group_vote GL_ARB_shader_image_load_store GL_ARB_shader_image_size GL_ARB_shader_objects GL_ARB_shader_precision GL_ARB_shader_storage_buffer_object GL_ARB_shader_subroutine GL_ARB_shader_texture_image_samples GL_ARB_shader_texture_lod GL_ARB_shader_viewport_layer_array GL_ARB_shading_language_420pack GL_ARB_shading_language_include GL_ARB_shading_language_packing GL_ARB_spirv_extensions GL_ARB_stencil_texturing GL_ARB_sync GL_ARB_tessellation_shader GL_ARB_texture_barrier GL_ARB_texture_buffer_object GL_ARB_texture_buffer_object_rgb32 GL_ARB_texture_buffer_range GL_ARB_texture_compression_bptc GL_ARB_texture_compression_rgtc GL_ARB_texture_cube_map_array GL_ARB_texture_filter_anisotropic GL_ARB_texture_float GL_ARB_texture_gather GL
_ARB_texture_mirror_clamp_to_edge GL_ARB_texture_multisample GL_ARB_texture_non_power_of_two GL_ARB_texture_query_levels GL_ARB_texture_query_lod GL_ARB_texture_rectangle GL_ARB_texture_rg GL_ARB_texture_rgb10_a2ui GL_ARB_texture_stencil8 GL_ARB_texture_storage GL_ARB_texture_storage_multisample GL_ARB_texture_swizzle GL_ARB_texture_view GL_ARB_timer_query GL_ARB_transform_feedback2 GL_ARB_transform_feedback3 GL_ARB_transform_feedback_instanced GL_ARB_transform_feedback_overflow_query GL_ARB_uniform_buffer_object GL_ARB_vertex_array_bgra GL_ARB_vertex_array_object GL_ARB_vertex_attrib_64bit GL_ARB_vertex_attrib_binding GL_ARB_vertex_buffer_object GL_ARB_vertex_shader GL_ARB_vertex_type_10f_11f_11f_rev GL_ARB_vertex_type_2_10_10_10_rev GL_ARB_viewport_array GL_ATI_blend_equation_separate GL_ATI_texture_float GL_EXT_EGL_image_storage GL_EXT_EGL_sync GL_EXT_abgr GL_EXT_blend_equation_separate GL_EXT_demote_to_helper_invocation GL_EXT_draw_buffers2 GL_EXT_draw_instanced GL_EXT_framebuffer_blit GL_EXT_framebuffer
_multisample GL_EXT_framebuffer_multisample_blit_scaled GL_EXT_framebuffer_object GL_EXT_framebuffer_sRGB GL_EXT_memory_object GL_EXT_memory_object_fd GL_EXT_packed_depth_stencil GL_EXT_packed_float GL_EXT_pixel_buffer_object GL_EXT_polygon_offset_clamp GL_EXT_provoking_vertex GL_EXT_semaphore GL_EXT_semaphore_fd GL_EXT_shader_framebuffer_fetch_non_coherent GL_EXT_shader_integer_mix GL_EXT_shader_samples_identical GL_EXT_texture_array GL_EXT_texture_compression_dxt1 GL_EXT_texture_compression_rgtc GL_EXT_texture_compression_s3tc GL_EXT_texture_filter_anisotropic GL_EXT_texture_integer GL_EXT_texture_sRGB GL_EXT_texture_sRGB_R8 GL_EXT_texture_sRGB_decode GL_EXT_texture_shadow_lod GL_EXT_texture_shared_exponent GL_EXT_texture_snorm GL_EXT_texture_swizzle GL_EXT_timer_query GL_EXT_transform_feedback GL_EXT_vertex_array_bgra GL_EXT_vertex_attrib_64bit GL_IBM_multimode_draw_arrays GL_INTEL_blackhole_render GL_INTEL_performance_query GL_KHR_blend_equation_advanced GL_KHR_context_flush_control GL_KHR_debug GL_KHR_n
o_error GL_KHR_parallel_shader_compile GL_KHR_robust_buffer_access_behavior GL_KHR_robustness GL_MESA_framebuffer_flip_y GL_MESA_pack_invert GL_MESA_shader_integer_functions GL_MESA_texture_signed_rgba GL_NV_compute_shader_derivatives GL_NV_conditional_render GL_NV_depth_clamp GL_NV_packed_depth_stencil GL_NV_texture_barrier GL_OES_EGL_image GL_S3_s3tc
OPENGL LOG: Creating OpenGL 4.5 graphics device ; Context level  <OpenGL 4.5> ; Context handle -67414368
Initialize mono
Mono path[0] = '/home/gerard/Unity/Hub/Editor/2020.2.4f1/Editor/Data/Managed'
Mono path[1] = '/home/gerard/Unity/Hub/Editor/2020.2.4f1/Editor/Data/MonoBleedingEdge/lib/mono/unityjit'
Mono config path = '/home/gerard/Unity/Hub/Editor/2020.2.4f1/Editor/Data/MonoBleedingEdge/etc'
Using monoOptions --debugger-agent=transport=dt_socket,embedding=1,server=y,suspend=n,address=127.0.0.1:56591
Begin MonoManager ReloadAssembly
Registering precompiled unity dll's ...
Register platform support module: /home/gerard/Unity/Hub/Editor/2020.2.4f1/Editor/Data/PlaybackEngines/WebGLSupport/UnityEditor.WebGL.Extensions.dll
Register platform support module: /home/gerard/Unity/Hub/Editor/2020.2.4f1/Editor/Data/PlaybackEngines/MacStandaloneSupport/UnityEditor.OSXStandalone.Extensions.dll
Register platform support module: /home/gerard/Unity/Hub/Editor/2020.2.4f1/Editor/Data/PlaybackEngines/WindowsStandaloneSupport/UnityEditor.WindowsStandalone.Extensions.dll
Register platform support module: /home/gerard/Unity/Hub/Editor/2020.2.4f1/Editor/Data/PlaybackEngines/LinuxStandaloneSupport/UnityEditor.LinuxStandalone.Extensions.dll
Registered in 0,001988 seconds.
Native extension for LinuxStandalone target not found
Native extension for WindowsStandalone target not found
Native extension for OSXStandalone target not found
Native extension for WebGL target not found
Refreshing native plugins compatible for Editor in 26,82 ms, found 0 plugins.
Preloading 0 native plugins for Editor in 0,00 ms.
Invoked RoslynAnalysisRunner static constructor.
RoslynAnalysisRunner will not be running.
RoslynAnalysisRunner has terminated.
Mono: successfully reloaded assembly
- Completed reload, in  1,918 seconds
Platform modules already initialized, skipping
Registering precompiled user dll's ...
Registered in 0,000449 seconds.
Begin MonoManager ReloadAssembly
Native extension for LinuxStandalone target not found
Native extension for WindowsStandalone target not found
Native extension for OSXStandalone target not found
Native extension for WebGL target not found
Refreshing native plugins compatible for Editor in 0,56 ms, found 0 plugins.
Preloading 0 native plugins for Editor in 0,00 ms.
Invoked RoslynAnalysisRunner static constructor.
RoslynAnalysisRunner will not be running.
RoslynAnalysisRunner has terminated.
Mono: successfully reloaded assembly
- Completed reload, in  0,904 seconds
Platform modules already initialized, skipping
========================================================================
Worker process is ready to serve import requests
Launched and connected shader compiler UnityShaderCompiler after 0.01 seconds
Refreshing native plugins compatible for Editor in 0,23 ms, found 0 plugins.
Preloading 0 native plugins for Editor in 0,00 ms.
Unloading 1104 Unused Serialized files (Serialized files now loaded: 0)
System memory in use before: 51,3 MB.
System memory in use after: 51,3 MB.

Unloading 9 unused Assets to reduce memory usage. Loaded Objects now: 1546.
Total: 4,352194 ms (FindLiveObjects: 0,283775 ms CreateObjectMapping: 0,116192 ms MarkObjects: 3,774120 ms  DeleteObjects: 0,175656 ms)

========================================================================
Received Import Request.
  path: Assets/RW/Scripts
  artifactKey: Guid(0aae26e66e2d56742bb38c5e6795471f) Importer(815301076,1909f56bfc062723c751e8b465ee728b)
Start importing Assets/RW/Scripts using Guid(0aae26e66e2d56742bb38c5e6795471f) Importer(815301076,1909f56bfc062723c751e8b465ee728b)  -> (artifact id: 'd56b4baf5151062dd762c4c013dfee6a') in 0,008198 seconds
  Import took 0,013020 seconds .

========================================================================
Received Import Request.
  Time since last request: 0,000275 seconds.
  path: Assets/RW
  artifactKey: Guid(6fe7d2552c793fb40a96233f6cf6d7b7) Importer(815301076,1909f56bfc062723c751e8b465ee728b)
Start importing Assets/RW using Guid(6fe7d2552c793fb40a96233f6cf6d7b7) Importer(815301076,1909f56bfc062723c751e8b465ee728b)  -> (artifact id: '67e16b65c45856784f5eda0c37483826') in 0,000701 seconds
  Import took 0,002372 seconds .

========================================================================
Received Import Request.
  Time since last request: 0,388514 seconds.
  path: Assets/RW/Materials/Shared.mat
  artifactKey: Guid(76192e63ebf2cc14fb4b84f132b5cff8) Importer(815301076,1909f56bfc062723c751e8b465ee728b)
Start importing Assets/RW/Materials/Shared.mat using Guid(76192e63ebf2cc14fb4b84f132b5cff8) Importer(815301076,1909f56bfc062723c751e8b465ee728b)  -> (artifact id: '5b5dcfde25a1dddbd25196e7978b7061') in 0,601545 seconds
  Import took 0,604163 seconds .

========================================================================
Received Import Request.
  Time since last request: 3,987343 seconds.
  path: Assets/RW/Models/Ground.fbx
  artifactKey: Guid(6800250c0f0e6bf4a8f5cf0ab778ac9e) Importer(815301076,1909f56bfc062723c751e8b465ee728b)
Start importing Assets/RW/Models/Ground.fbx using Guid(6800250c0f0e6bf4a8f5cf0ab778ac9e) Importer(815301076,1909f56bfc062723c751e8b465ee728b)  -> (artifact id: '5490213f7d76c3a40e4132b0ba85d255') in 0,359258 seconds
  Import took 0,361870 seconds .

========================================================================
Received Import Request.
  Time since last request: 0,000234 seconds.
  path: Assets/RW/Models/Start Button.fbx
  artifactKey: Guid(120a8a37d61a56342833a113d69f20ec) Importer(815301076,1909f56bfc062723c751e8b465ee728b)
Start importing Assets/RW/Models/Start Button.fbx using Guid(120a8a37d61a56342833a113d69f20ec) Importer(815301076,1909f56bfc062723c751e8b465ee728b)  -> (artifact id: 'd4990a7b76379d31884510d903293127') in 0,014987 seconds
  Import took 0,018175 seconds .

========================================================================
Received Import Request.
  Time since last request: 0,000274 seconds.
  path: Assets/RW/Models/Sheep.fbx
  artifactKey: Guid(fee0f50f91e9d7d4a84a85232e663d4a) Importer(815301076,1909f56bfc062723c751e8b465ee728b)
Start importing Assets/RW/Models/Sheep.fbx using Guid(fee0f50f91e9d7d4a84a85232e663d4a) Importer(815301076,1909f56bfc062723c751e8b465ee728b)  -> (artifact id: '3614334e857db13e24d223029733b0da') in 0,018494 seconds
  Import took 0,023549 seconds .

========================================================================
Received Import Request.
  Time since last request: 0,000469 seconds.
  path: Assets/RW/Models/Smoke Puff.fbx
  artifactKey: Guid(9125c5d57dfe5ed4f80bb53446f72bde) Importer(815301076,1909f56bfc062723c751e8b465ee728b)
Start importing Assets/RW/Models/Smoke Puff.fbx using Guid(9125c5d57dfe5ed4f80bb53446f72bde) Importer(815301076,1909f56bfc062723c751e8b465ee728b)  -> (artifact id: '3c98a173c45e32eb62f56df9f51118db') in 0,013486 seconds
  Import took 0,017943 seconds .

========================================================================
Received Import Request.
  Time since last request: 0,000265 seconds.
  path: Assets/RW/Models/Quit Button.fbx
  artifactKey: Guid(0760bf54179f6744c97628b3f618554d) Importer(815301076,1909f56bfc062723c751e8b465ee728b)
Start importing Assets/RW/Models/Quit Button.fbx using Guid(0760bf54179f6744c97628b3f618554d) Importer(815301076,1909f56bfc062723c751e8b465ee728b)  -> (artifact id: 'efecaf66791995a16970ffd02d148f4e') in 0,022767 seconds
  Import took 0,025284 seconds .

========================================================================
Received Import Request.
  Time since last request: 0,000264 seconds.
  path: Assets/RW/Models/Windmill.fbx
  artifactKey: Guid(58f6635e07a7ff840b21ff4932c0914d) Importer(815301076,1909f56bfc062723c751e8b465ee728b)
Start importing Assets/RW/Models/Windmill.fbx using Guid(58f6635e07a7ff840b21ff4932c0914d) Importer(815301076,1909f56bfc062723c751e8b465ee728b)  -> (artifact id: 'b284ad1f008e9b2570d5b9d9a5d02e42') in 0,023869 seconds
  Import took 0,028999 seconds .

========================================================================
Received Import Request.
  Time since last request: 0,000272 seconds.
  path: Assets/RW/Models/Hay Machine Red.fbx
  artifactKey: Guid(b4f50c31a0c63154ca4085fca6898cbb) Importer(815301076,1909f56bfc062723c751e8b465ee728b)
Start importing Assets/RW/Models/Hay Machine Red.fbx using Guid(b4f50c31a0c63154ca4085fca6898cbb) Importer(815301076,1909f56bfc062723c751e8b465ee728b)  -> (artifact id: 'cd65f95d6ef020d29a8bc94455bf57b9') in 0,018218 seconds
  Import took 0,023396 seconds .

========================================================================
Received Import Request.
  Time since last request: 0,000175 seconds.
  path: Assets/RW/Models/Title.fbx
  artifactKey: Guid(4d9b273f136282f4eb3f22a0aed5267d) Importer(815301076,1909f56bfc062723c751e8b465ee728b)
Start importing Assets/RW/Models/Title.fbx using Guid(4d9b273f136282f4eb3f22a0aed5267d) Importer(815301076,1909f56bfc062723c751e8b465ee728b)  -> (artifact id: '2ceb4648da1adf18d1e04d25c42ff4b3') in 0,020075 seconds
  Import took 0,022795 seconds .

========================================================================
Received Import Request.
  Time since last request: 0,000209 seconds.
  path: Assets/RW/Models/Hay Bale.fbx
  artifactKey: Guid(af7e099ccf40c8046b7d720e9d8df558) Importer(815301076,1909f56bfc062723c751e8b465ee728b)
Start importing Assets/RW/Models/Hay Bale.fbx using Guid(af7e099ccf40c8046b7d720e9d8df558) Importer(815301076,1909f56bfc062723c751e8b465ee728b)  -> (artifact id: '75e944088f3cd7727f519aee7213cb51') in 0,012487 seconds
  Import took 0,020583 seconds .

========================================================================
Received Import Request.
  Time since last request: 0,000956 seconds.
  path: Assets/RW/Models/Hay Machine Blue.fbx
  artifactKey: Guid(0d729ea02e055de449c21c288a41bb32) Importer(815301076,1909f56bfc062723c751e8b465ee728b)
Start importing Assets/RW/Models/Hay Machine Blue.fbx using Guid(0d729ea02e055de449c21c288a41bb32) Importer(815301076,1909f56bfc062723c751e8b465ee728b)  -> (artifact id: '62af49cccd72821ca8cee50228fe5828') in 0,015935 seconds
  Import took 0,024339 seconds .

========================================================================
Received Import Request.
  Time since last request: 0,000195 seconds.
  path: Assets/RW/Models/Heart.fbx
  artifactKey: Guid(1a8b634e9a3c67346be354111823cd80) Importer(815301076,1909f56bfc062723c751e8b465ee728b)
Start importing Assets/RW/Models/Heart.fbx using Guid(1a8b634e9a3c67346be354111823cd80) Importer(815301076,1909f56bfc062723c751e8b465ee728b)  -> (artifact id: '0c115e518e9d746919fe79832b4c39f7') in 0,017842 seconds
  Import took 0,020494 seconds .

========================================================================
Received Import Request.
  Time since last request: 0,000226 seconds.
  path: Assets/RW/Models/Hay Machine Yellow.fbx
  artifactKey: Guid(0a87953750e4d784690043bdd32b94d9) Importer(815301076,1909f56bfc062723c751e8b465ee728b)
Start importing Assets/RW/Models/Hay Machine Yellow.fbx using Guid(0a87953750e4d784690043bdd32b94d9) Importer(815301076,1909f56bfc062723c751e8b465ee728b)  -> (artifact id: '2d42e45486a06cdfd55c68436c35945a') in 0,018178 seconds
  Import took 0,023234 seconds .

========================================================================
Received Prepare
Registering precompiled user dll's ...
Registered in 0,000627 seconds.
Begin MonoManager ReloadAssembly
Native extension for LinuxStandalone target not found
Native extension for WindowsStandalone target not found
Native extension for OSXStandalone target not found
Native extension for WebGL target not found
Refreshing native plugins compatible for Editor in 0,62 ms, found 0 plugins.
Preloading 0 native plugins for Editor in 0,00 ms.
Invoked RoslynAnalysisRunner static constructor.
RoslynAnalysisRunner will not be running.
RoslynAnalysisRunner has terminated.
Mono: successfully reloaded assembly
- Completed reload, in  0,767 seconds
Platform modules already initialized, skipping
Refreshing native plugins compatible for Editor in 0,22 ms, found 0 plugins.
Preloading 0 native plugins for Editor in 0,00 ms.
Unloading 1098 Unused Serialized files (Serialized files now loaded: 0)
System memory in use before: 53,0 MB.
System memory in use after: 53,1 MB.

Unloading 4 unused Assets to reduce memory usage. Loaded Objects now: 1591.
Total: 3,932354 ms (FindLiveObjects: 0,252684 ms CreateObjectMapping: 0,061446 ms MarkObjects: 3,580386 ms  DeleteObjects: 0,034540 ms)

========================================================================
Received Import Request.
  Time since last request: 79,268680 seconds.
  path: Assets/RW/Scenes
  artifactKey: Guid(4a1364555d8464442b54317921e5bbbe) Importer(815301076,1909f56bfc062723c751e8b465ee728b)
Start importing Assets/RW/Scenes using Guid(4a1364555d8464442b54317921e5bbbe) Importer(815301076,1909f56bfc062723c751e8b465ee728b)  -> (artifact id: '4ab415c259bc14572111529d245b8bb2') in 0,008538 seconds
  Import took 0,014747 seconds .

========================================================================
Received Import Request.
  Time since last request: 0,014193 seconds.
  path: Assets/RW/Scenes
  artifactKey: Guid(4a1364555d8464442b54317921e5bbbe) Importer(815301076,1909f56bfc062723c751e8b465ee728b)
Start importing Assets/RW/Scenes using Guid(4a1364555d8464442b54317921e5bbbe) Importer(815301076,1909f56bfc062723c751e8b465ee728b)  -> (artifact id: '4ab415c259bc14572111529d245b8bb2') in 0,000626 seconds
  Import took 0,005784 seconds .

========================================================================
Received Import Request.
  Time since last request: 1,704062 seconds.
  path: Assets/RW/Scenes/Game.unity
  artifactKey: Guid(c7d17eeaad25ad645b5a59c641b15767) Importer(815301076,1909f56bfc062723c751e8b465ee728b)
Start importing Assets/RW/Scenes/Game.unity using Guid(c7d17eeaad25ad645b5a59c641b15767) Importer(815301076,1909f56bfc062723c751e8b465ee728b)  -> (artifact id: '3eb21fdcc51577268457dac636b6fa60') in 0,021248 seconds
  Import took 0,025780 seconds .

========================================================================
Received Import Request.
  Time since last request: 1,854512 seconds.
  path: Assets/RW/Scenes/Title.unity
  artifactKey: Guid(54f7faf678be11946b167b94af6da5b7) Importer(815301076,1909f56bfc062723c751e8b465ee728b)
Start importing Assets/RW/Scenes/Title.unity using Guid(54f7faf678be11946b167b94af6da5b7) Importer(815301076,1909f56bfc062723c751e8b465ee728b)  -> (artifact id: 'eafd5cb4e6d8e4cf7de6d7da8b190fd4') in 0,001086 seconds
  Import took 0,004036 seconds .

========================================================================
Received Prepare
Registering precompiled user dll's ...
Registered in 0,000493 seconds.
Begin MonoManager ReloadAssembly
Native extension for LinuxStandalone target not found
Native extension for WindowsStandalone target not found
Native extension for OSXStandalone target not found
Native extension for WebGL target not found
Refreshing native plugins compatible for Editor in 0,28 ms, found 0 plugins.
Preloading 0 native plugins for Editor in 0,00 ms.
Invoked RoslynAnalysisRunner static constructor.
RoslynAnalysisRunner will not be running.
RoslynAnalysisRunner has terminated.
Mono: successfully reloaded assembly
- Completed reload, in  0,767 seconds
Platform modules already initialized, skipping
Refreshing native plugins compatible for Editor in 0,22 ms, found 0 plugins.
Preloading 0 native plugins for Editor in 0,00 ms.
Unloading 1098 Unused Serialized files (Serialized files now loaded: 0)
System memory in use before: 53,1 MB.
System memory in use after: 53,2 MB.

Unloading 4 unused Assets to reduce memory usage. Loaded Objects now: 1593.
Total: 5,112375 ms (FindLiveObjects: 0,468368 ms CreateObjectMapping: 0,120761 ms MarkObjects: 4,415918 ms  DeleteObjects: 0,101605 ms)

========================================================================
Received Prepare
Registering precompiled user dll's ...
Registered in 0,000452 seconds.
Begin MonoManager ReloadAssembly
Native extension for LinuxStandalone target not found
Native extension for WindowsStandalone target not found
Native extension for OSXStandalone target not found
Native extension for WebGL target not found
Refreshing native plugins compatible for Editor in 0,22 ms, found 0 plugins.
Preloading 0 native plugins for Editor in 0,00 ms.
Invoked RoslynAnalysisRunner static constructor.
RoslynAnalysisRunner will not be running.
RoslynAnalysisRunner has terminated.
Mono: successfully reloaded assembly
- Completed reload, in  0,824 seconds
Platform modules already initialized, skipping
Refreshing native plugins compatible for Editor in 0,19 ms, found 0 plugins.
Preloading 0 native plugins for Editor in 0,00 ms.
Unloading 1099 Unused Serialized files (Serialized files now loaded: 0)
System memory in use before: 53,1 MB.
System memory in use after: 53,2 MB.

Unloading 4 unused Assets to reduce memory usage. Loaded Objects now: 1596.
Total: 2,628745 ms (FindLiveObjects: 0,202815 ms CreateObjectMapping: 0,051451 ms MarkObjects: 2,349120 ms  DeleteObjects: 0,023658 ms)

========================================================================
Received Import Request.
  Time since last request: 211,458366 seconds.
  path: Assets/RW/Scripts/rotate.cs
  artifactKey: Guid(a295c884bafe2a34691542bf4108117c) Importer(815301076,1909f56bfc062723c751e8b465ee728b)
Start importing Assets/RW/Scripts/rotate.cs using Guid(a295c884bafe2a34691542bf4108117c) Importer(815301076,1909f56bfc062723c751e8b465ee728b)  -> (artifact id: '55b24a165f529a04f06ce8c2cda9ad10') in 0,005794 seconds
  Import took 0,009927 seconds .

========================================================================
Received Prepare
Registering precompiled user dll's ...
Registered in 0,000614 seconds.
Begin MonoManager ReloadAssembly
Native extension for LinuxStandalone target not found
Native extension for WindowsStandalone target not found
Native extension for OSXStandalone target not found
Native extension for WebGL target not found
Refreshing native plugins compatible for Editor in 0,25 ms, found 0 plugins.
Preloading 0 native plugins for Editor in 0,00 ms.
Invoked RoslynAnalysisRunner static constructor.
RoslynAnalysisRunner will not be running.
RoslynAnalysisRunner has terminated.
Mono: successfully reloaded assembly
- Completed reload, in  0,825 seconds
Platform modules already initialized, skipping
Refreshing native plugins compatible for Editor in 0,20 ms, found 0 plugins.
Preloading 0 native plugins for Editor in 0,00 ms.
Unloading 1099 Unused Serialized files (Serialized files now loaded: 0)
System memory in use before: 53,1 MB.
System memory in use after: 53,2 MB.

Unloading 4 unused Assets to reduce memory usage. Loaded Objects now: 1598.
Total: 2,580811 ms (FindLiveObjects: 0,223828 ms CreateObjectMapping: 0,050085 ms MarkObjects: 2,282438 ms  DeleteObjects: 0,023055 ms)

========================================================================
Received Import Request.
  Time since last request: 70,126009 seconds.
  path: Assets/RW/Scripts/rotate.cs
  artifactKey: Guid(a295c884bafe2a34691542bf4108117c) Importer(815301076,1909f56bfc062723c751e8b465ee728b)
Start importing Assets/RW/Scripts/rotate.cs using Guid(a295c884bafe2a34691542bf4108117c) Importer(815301076,1909f56bfc062723c751e8b465ee728b)  -> (artifact id: '837657324a026fe8ba8b5eb10d232777') in 0,005519 seconds
  Import took 0,008761 seconds .

========================================================================
Received Prepare
Registering precompiled user dll's ...
Registered in 0,000615 seconds.
Begin MonoManager ReloadAssembly
Native extension for LinuxStandalone target not found
Native extension for WindowsStandalone target not found
Native extension for OSXStandalone target not found
Native extension for WebGL target not found
Refreshing native plugins compatible for Editor in 1,79 ms, found 0 plugins.
Preloading 0 native plugins for Editor in 0,00 ms.
Invoked RoslynAnalysisRunner static constructor.
RoslynAnalysisRunner will not be running.
RoslynAnalysisRunner has terminated.
Mono: successfully reloaded assembly
- Completed reload, in  2,196 seconds
Platform modules already initialized, skipping
Refreshing native plugins compatible for Editor in 1,47 ms, found 0 plugins.
Preloading 0 native plugins for Editor in 0,00 ms.
Unloading 1099 Unused Serialized files (Serialized files now loaded: 0)
System memory in use before: 53,2 MB.
System memory in use after: 53,2 MB.

Unloading 4 unused Assets to reduce memory usage. Loaded Objects now: 1600.
Total: 13,379491 ms (FindLiveObjects: 1,296152 ms CreateObjectMapping: 0,620027 ms MarkObjects: 11,284126 ms  DeleteObjects: 0,168560 ms)

========================================================================
Received Import Request.
  Time since last request: 79,501698 seconds.
  path: Assets/RW/Scripts/rotate.cs
  artifactKey: Guid(a295c884bafe2a34691542bf4108117c) Importer(815301076,1909f56bfc062723c751e8b465ee728b)
Start importing Assets/RW/Scripts/rotate.cs using Guid(a295c884bafe2a34691542bf4108117c) Importer(815301076,1909f56bfc062723c751e8b465ee728b)  -> (artifact id: '2bac09341792cfb463c6be86688f70af') in 0,018223 seconds
  Import took 0,029893 seconds .

========================================================================
Received Prepare
Registering precompiled user dll's ...
Registered in 0,001526 seconds.
Begin MonoManager ReloadAssembly
Native extension for LinuxStandalone target not found
Native extension for WindowsStandalone target not found
Native extension for OSXStandalone target not found
Native extension for WebGL target not found
Refreshing native plugins compatible for Editor in 1,03 ms, found 0 plugins.
Preloading 0 native plugins for Editor in 0,00 ms.
Invoked RoslynAnalysisRunner static constructor.
RoslynAnalysisRunner will not be running.
RoslynAnalysisRunner has terminated.
Mono: successfully reloaded assembly
- Completed reload, in  1,193 seconds
Platform modules already initialized, skipping
Refreshing native plugins compatible for Editor in 0,84 ms, found 0 plugins.
Preloading 0 native plugins for Editor in 0,00 ms.
Unloading 1099 Unused Serialized files (Serialized files now loaded: 0)
System memory in use before: 53,2 MB.
System memory in use after: 53,2 MB.

Unloading 4 unused Assets to reduce memory usage. Loaded Objects now: 1602.
Total: 11,044067 ms (FindLiveObjects: 1,529269 ms CreateObjectMapping: 0,493617 ms MarkObjects: 8,845173 ms  DeleteObjects: 0,161980 ms)

========================================================================
Received Import Request.
  Time since last request: 84,940261 seconds.
  path: Assets/RW/Scripts/rotate.cs
  artifactKey: Guid(a295c884bafe2a34691542bf4108117c) Importer(815301076,1909f56bfc062723c751e8b465ee728b)
Start importing Assets/RW/Scripts/rotate.cs using Guid(a295c884bafe2a34691542bf4108117c) Importer(815301076,1909f56bfc062723c751e8b465ee728b)  -> (artifact id: '40ea635e9cce54c4bd42b4ebff45fa0a') in 0,013466 seconds
  Import took 0,028219 seconds .

========================================================================
Received Prepare
Registering precompiled user dll's ...
Registered in 0,001570 seconds.
Begin MonoManager ReloadAssembly
Native extension for LinuxStandalone target not found
Native extension for WindowsStandalone target not found
Native extension for OSXStandalone target not found
Native extension for WebGL target not found
Refreshing native plugins compatible for Editor in 1,40 ms, found 0 plugins.
Preloading 0 native plugins for Editor in 0,00 ms.
Invoked RoslynAnalysisRunner static constructor.
RoslynAnalysisRunner will not be running.
RoslynAnalysisRunner has terminated.
Mono: successfully reloaded assembly
- Completed reload, in  1,107 seconds
Platform modules already initialized, skipping
Refreshing native plugins compatible for Editor in 0,22 ms, found 0 plugins.
Preloading 0 native plugins for Editor in 0,00 ms.
Unloading 1099 Unused Serialized files (Serialized files now loaded: 0)
System memory in use before: 53,2 MB.
System memory in use after: 53,3 MB.

Unloading 4 unused Assets to reduce memory usage. Loaded Objects now: 1604.
Total: 4,014146 ms (FindLiveObjects: 0,184176 ms CreateObjectMapping: 0,043448 ms MarkObjects: 3,716912 ms  DeleteObjects: 0,067041 ms)

========================================================================
Received Import Request.
  Time since last request: 36,092822 seconds.
  path: Assets/RW/Scripts/rotate.cs
  artifactKey: Guid(a295c884bafe2a34691542bf4108117c) Importer(815301076,1909f56bfc062723c751e8b465ee728b)
Start importing Assets/RW/Scripts/rotate.cs using Guid(a295c884bafe2a34691542bf4108117c) Importer(815301076,1909f56bfc062723c751e8b465ee728b)  -> (artifact id: '454f6b2e303383d425517a1d063824f3') in 0,003090 seconds
  Import took 0,005472 seconds .

========================================================================
Received Prepare
Registering precompiled user dll's ...
Registered in 0,000638 seconds.
Begin MonoManager ReloadAssembly
Native extension for LinuxStandalone target not found
Native extension for WindowsStandalone target not found
Native extension for OSXStandalone target not found
Native extension for WebGL target not found
Refreshing native plugins compatible for Editor in 0,23 ms, found 0 plugins.
Preloading 0 native plugins for Editor in 0,00 ms.
Invoked RoslynAnalysisRunner static constructor.
RoslynAnalysisRunner will not be running.
RoslynAnalysisRunner has terminated.
Mono: successfully reloaded assembly
- Completed reload, in  1,257 seconds
Platform modules already initialized, skipping
Refreshing native plugins compatible for Editor in 1,04 ms, found 0 plugins.
Preloading 0 native plugins for Editor in 0,00 ms.
Unloading 1100 Unused Serialized files (Serialized files now loaded: 0)
System memory in use before: 53,2 MB.
System memory in use after: 53,3 MB.

Unloading 4 unused Assets to reduce memory usage. Loaded Objects now: 1607.
Total: 9,227476 ms (FindLiveObjects: 0,416853 ms CreateObjectMapping: 0,144781 ms MarkObjects: 8,542063 ms  DeleteObjects: 0,118488 ms)

========================================================================
Received Import Request.
  Time since last request: 221,159154 seconds.
  path: Assets/RW/Scripts/controllHayMachine.cs
  artifactKey: Guid(e893757248b039bc5be3a8927664ddef) Importer(815301076,1909f56bfc062723c751e8b465ee728b)
Start importing Assets/RW/Scripts/controllHayMachine.cs using Guid(e893757248b039bc5be3a8927664ddef) Importer(815301076,1909f56bfc062723c751e8b465ee728b)  -> (artifact id: 'b07a6666a641fda09f6da6e5ff1316cf') in 0,005174 seconds
  Import took 0,007765 seconds .

========================================================================
Received Import Request.
  Time since last request: 0,001322 seconds.
  path: Assets/RW/Scripts/controllHayMachine.cs
  artifactKey: Guid(e893757248b039bc5be3a8927664ddef) Importer(815301076,1909f56bfc062723c751e8b465ee728b)
Start importing Assets/RW/Scripts/controllHayMachine.cs using Guid(e893757248b039bc5be3a8927664ddef) Importer(815301076,1909f56bfc062723c751e8b465ee728b)  -> (artifact id: 'b07a6666a641fda09f6da6e5ff1316cf') in 0,000655 seconds
  Import took 0,002707 seconds .

========================================================================
Received Prepare
Registering precompiled user dll's ...
Registered in 0,000512 seconds.
Begin MonoManager ReloadAssembly
Native extension for LinuxStandalone target not found
Native extension for WindowsStandalone target not found
Native extension for OSXStandalone target not found
Native extension for WebGL target not found
Refreshing native plugins compatible for Editor in 1,56 ms, found 0 plugins.
Preloading 0 native plugins for Editor in 0,00 ms.
Invoked RoslynAnalysisRunner static constructor.
RoslynAnalysisRunner will not be running.
RoslynAnalysisRunner has terminated.
Mono: successfully reloaded assembly
- Completed reload, in  1,057 seconds
Platform modules already initialized, skipping
Refreshing native plugins compatible for Editor in 0,52 ms, found 0 plugins.
Preloading 0 native plugins for Editor in 0,00 ms.
Unloading 1100 Unused Serialized files (Serialized files now loaded: 0)
System memory in use before: 53,2 MB.
System memory in use after: 53,3 MB.

Unloading 4 unused Assets to reduce memory usage. Loaded Objects now: 1609.
Total: 11,899351 ms (FindLiveObjects: 0,860754 ms CreateObjectMapping: 0,353662 ms MarkObjects: 10,465965 ms  DeleteObjects: 0,209828 ms)

========================================================================
Received Import Request.
  Time since last request: 271,757365 seconds.
  path: Assets/RW/Scripts/controllHayMachine.cs
  artifactKey: Guid(e893757248b039bc5be3a8927664ddef) Importer(815301076,1909f56bfc062723c751e8b465ee728b)
Start importing Assets/RW/Scripts/controllHayMachine.cs using Guid(e893757248b039bc5be3a8927664ddef) Importer(815301076,1909f56bfc062723c751e8b465ee728b)  -> (artifact id: 'dbb030e54d7317e28c86b20244d0fe06') in 0,012379 seconds
  Import took 0,020744 seconds .

========================================================================
Received Prepare
Registering precompiled user dll's ...
Registered in 0,002947 seconds.
Begin MonoManager ReloadAssembly
Native extension for LinuxStandalone target not found
Native extension for WindowsStandalone target not found
Native extension for OSXStandalone target not found
Native extension for WebGL target not found
Refreshing native plugins compatible for Editor in 0,98 ms, found 0 plugins.
Preloading 0 native plugins for Editor in 0,00 ms.
Invoked RoslynAnalysisRunner static constructor.
RoslynAnalysisRunner will not be running.
RoslynAnalysisRunner has terminated.
Mono: successfully reloaded assembly
- Completed reload, in  0,920 seconds
Platform modules already initialized, skipping
Refreshing native plugins compatible for Editor in 0,26 ms, found 0 plugins.
Preloading 0 native plugins for Editor in 0,00 ms.
Unloading 1100 Unused Serialized files (Serialized files now loaded: 0)
System memory in use before: 53,2 MB.
System memory in use after: 53,3 MB.

Unloading 4 unused Assets to reduce memory usage. Loaded Objects now: 1611.
Total: 3,163901 ms (FindLiveObjects: 0,191834 ms CreateObjectMapping: 0,046498 ms MarkObjects: 2,824218 ms  DeleteObjects: 0,097696 ms)

========================================================================
Received Prepare
Registering precompiled user dll's ...
Registered in 0,000871 seconds.
Begin MonoManager ReloadAssembly
Native extension for LinuxStandalone target not found
Native extension for WindowsStandalone target not found
Native extension for OSXStandalone target not found
Native extension for WebGL target not found
Refreshing native plugins compatible for Editor in 0,22 ms, found 0 plugins.
Preloading 0 native plugins for Editor in 0,00 ms.
Invoked RoslynAnalysisRunner static constructor.
RoslynAnalysisRunner will not be running.
RoslynAnalysisRunner has terminated.
Mono: successfully reloaded assembly
- Completed reload, in  0,929 seconds
Platform modules already initialized, skipping
Refreshing native plugins compatible for Editor in 0,27 ms, found 0 plugins.
Preloading 0 native plugins for Editor in 0,00 ms.
Unloading 1100 Unused Serialized files (Serialized files now loaded: 0)
System memory in use before: 53,2 MB.
System memory in use after: 53,3 MB.

Unloading 4 unused Assets to reduce memory usage. Loaded Objects now: 1613.
Total: 4,803981 ms (FindLiveObjects: 0,240966 ms CreateObjectMapping: 0,074314 ms MarkObjects: 4,406585 ms  DeleteObjects: 0,079543 ms)

========================================================================
Received Prepare
Registering precompiled user dll's ...
Registered in 0,000592 seconds.
Begin MonoManager ReloadAssembly
Native extension for LinuxStandalone target not found
Native extension for WindowsStandalone target not found
Native extension for OSXStandalone target not found
Native extension for WebGL target not found
Refreshing native plugins compatible for Editor in 0,23 ms, found 0 plugins.
Preloading 0 native plugins for Editor in 0,00 ms.
Invoked RoslynAnalysisRunner static constructor.
RoslynAnalysisRunner will not be running.
RoslynAnalysisRunner has terminated.
Mono: successfully reloaded assembly
- Completed reload, in  1,219 seconds
Platform modules already initialized, skipping
Refreshing native plugins compatible for Editor in 0,27 ms, found 0 plugins.
Preloading 0 native plugins for Editor in 0,00 ms.
Unloading 1100 Unused Serialized files (Serialized files now loaded: 0)
System memory in use before: 53,2 MB.
System memory in use after: 53,3 MB.

Unloading 4 unused Assets to reduce memory usage. Loaded Objects now: 1615.
Total: 3,579301 ms (FindLiveObjects: 0,250634 ms CreateObjectMapping: 0,080555 ms MarkObjects: 3,213588 ms  DeleteObjects: 0,031741 ms)

========================================================================
Received Prepare
Registering precompiled user dll's ...
Registered in 0,000536 seconds.
Begin MonoManager ReloadAssembly
Native extension for LinuxStandalone target not found
Native extension for WindowsStandalone target not found
Native extension for OSXStandalone target not found
Native extension for WebGL target not found
Refreshing native plugins compatible for Editor in 0,59 ms, found 0 plugins.
Preloading 0 native plugins for Editor in 0,00 ms.
Invoked RoslynAnalysisRunner static constructor.
RoslynAnalysisRunner will not be running.
RoslynAnalysisRunner has terminated.
Mono: successfully reloaded assembly
- Completed reload, in  0,966 seconds
Platform modules already initialized, skipping
Refreshing native plugins compatible for Editor in 0,26 ms, found 0 plugins.
Preloading 0 native plugins for Editor in 0,00 ms.
Unloading 1100 Unused Serialized files (Serialized files now loaded: 0)
System memory in use before: 53,2 MB.
System memory in use after: 53,3 MB.

Unloading 4 unused Assets to reduce memory usage. Loaded Objects now: 1617.
Total: 4,652197 ms (FindLiveObjects: 0,281271 ms CreateObjectMapping: 0,102173 ms MarkObjects: 4,219504 ms  DeleteObjects: 0,045706 ms)

========================================================================
Received Import Request.
  Time since last request: 475,179288 seconds.
  path: Assets/RW/Scripts/controllHayMachine.cs
  artifactKey: Guid(e893757248b039bc5be3a8927664ddef) Importer(815301076,1909f56bfc062723c751e8b465ee728b)
Start importing Assets/RW/Scripts/controllHayMachine.cs using Guid(e893757248b039bc5be3a8927664ddef) Importer(815301076,1909f56bfc062723c751e8b465ee728b)  -> (artifact id: 'dbc010e924bf96dcdee00d0822681261') in 0,005633 seconds
  Import took 0,009009 seconds .

========================================================================
Received Prepare
Registering precompiled user dll's ...
Registered in 0,000531 seconds.
Begin MonoManager ReloadAssembly
Native extension for LinuxStandalone target not found
Native extension for WindowsStandalone target not found
Native extension for OSXStandalone target not found
Native extension for WebGL target not found
Refreshing native plugins compatible for Editor in 0,22 ms, found 0 plugins.
Preloading 0 native plugins for Editor in 0,00 ms.
Invoked RoslynAnalysisRunner static constructor.
RoslynAnalysisRunner will not be running.
RoslynAnalysisRunner has terminated.
Mono: successfully reloaded assembly
- Completed reload, in  0,765 seconds
Platform modules already initialized, skipping
Refreshing native plugins compatible for Editor in 0,34 ms, found 0 plugins.
Preloading 0 native plugins for Editor in 0,00 ms.
Unloading 1100 Unused Serialized files (Serialized files now loaded: 0)
System memory in use before: 53,2 MB.
System memory in use after: 53,3 MB.

Unloading 4 unused Assets to reduce memory usage. Loaded Objects now: 1619.
Total: 2,836308 ms (FindLiveObjects: 0,170145 ms CreateObjectMapping: 0,059101 ms MarkObjects: 2,579459 ms  DeleteObjects: 0,025877 ms)

========================================================================
Received Prepare
Registering precompiled user dll's ...
Registered in 0,000464 seconds.
Begin MonoManager ReloadAssembly
Native extension for LinuxStandalone target not found
Native extension for WindowsStandalone target not found
Native extension for OSXStandalone target not found
Native extension for WebGL target not found
Refreshing native plugins compatible for Editor in 0,46 ms, found 0 plugins.
Preloading 0 native plugins for Editor in 0,00 ms.
Invoked RoslynAnalysisRunner static constructor.
RoslynAnalysisRunner will not be running.
RoslynAnalysisRunner has terminated.
Mono: successfully reloaded assembly
- Completed reload, in  0,845 seconds
Platform modules already initialized, skipping
Refreshing native plugins compatible for Editor in 0,21 ms, found 0 plugins.
Preloading 0 native plugins for Editor in 0,00 ms.
Unloading 1101 Unused Serialized files (Serialized files now loaded: 0)
System memory in use before: 53,3 MB.
System memory in use after: 53,4 MB.

Unloading 4 unused Assets to reduce memory usage. Loaded Objects now: 1622.
Total: 3,527349 ms (FindLiveObjects: 0,277560 ms CreateObjectMapping: 0,062588 ms MarkObjects: 3,157914 ms  DeleteObjects: 0,027566 ms)

========================================================================
Received Import Request.
  Time since last request: 1304,198338 seconds.
  path: Assets/MOve.cs
  artifactKey: Guid(4e11503f9ce8b81aa85ffad3c41d8da8) Importer(815301076,1909f56bfc062723c751e8b465ee728b)
Start importing Assets/MOve.cs using Guid(4e11503f9ce8b81aa85ffad3c41d8da8) Importer(815301076,1909f56bfc062723c751e8b465ee728b)  -> (artifact id: '83844bbbc73a152fdf2c5c6c547c612f') in 0,003059 seconds
  Import took 0,005639 seconds .

========================================================================
Received Import Request.
  Time since last request: 0,002769 seconds.
  path: Assets/MOve.cs
  artifactKey: Guid(4e11503f9ce8b81aa85ffad3c41d8da8) Importer(815301076,1909f56bfc062723c751e8b465ee728b)
Start importing Assets/MOve.cs using Guid(4e11503f9ce8b81aa85ffad3c41d8da8) Importer(815301076,1909f56bfc062723c751e8b465ee728b)  -> (artifact id: '83844bbbc73a152fdf2c5c6c547c612f') in 0,001033 seconds
  Import took 0,004125 seconds .

========================================================================
Received Import Request.
  Time since last request: 21,407013 seconds.
  path: Assets/Move.cs
  artifactKey: Guid(4e11503f9ce8b81aa85ffad3c41d8da8) Importer(815301076,1909f56bfc062723c751e8b465ee728b)
Start importing Assets/Move.cs using Guid(4e11503f9ce8b81aa85ffad3c41d8da8) Importer(815301076,1909f56bfc062723c751e8b465ee728b)  -> (artifact id: 'f6457b0640c433bfb3c0e6ebe1e60cd2') in 0,001121 seconds
  Import took 0,004772 seconds .

========================================================================
Received Import Request.
  Time since last request: 0,003631 seconds.
  path: Assets/Move.cs
  artifactKey: Guid(4e11503f9ce8b81aa85ffad3c41d8da8) Importer(815301076,1909f56bfc062723c751e8b465ee728b)
Start importing Assets/Move.cs using Guid(4e11503f9ce8b81aa85ffad3c41d8da8) Importer(815301076,1909f56bfc062723c751e8b465ee728b)  -> (artifact id: 'f6457b0640c433bfb3c0e6ebe1e60cd2') in 0,002408 seconds
  Import took 0,011276 seconds .

========================================================================
Received Prepare
Registering precompiled user dll's ...
Registered in 0,000502 seconds.
Begin MonoManager ReloadAssembly
Native extension for LinuxStandalone target not found
Native extension for WindowsStandalone target not found
Native extension for OSXStandalone target not found
Native extension for WebGL target not found
Refreshing native plugins compatible for Editor in 0,22 ms, found 0 plugins.
Preloading 0 native plugins for Editor in 0,00 ms.
Invoked RoslynAnalysisRunner static constructor.
RoslynAnalysisRunner will not be running.
RoslynAnalysisRunner has terminated.
Mono: successfully reloaded assembly
- Completed reload, in  0,800 seconds
Platform modules already initialized, skipping
Refreshing native plugins compatible for Editor in 0,52 ms, found 0 plugins.
Preloading 0 native plugins for Editor in 0,00 ms.
Unloading 1101 Unused Serialized files (Serialized files now loaded: 0)
System memory in use before: 53,3 MB.
System memory in use after: 53,4 MB.

Unloading 4 unused Assets to reduce memory usage. Loaded Objects now: 1624.
Total: 2,794947 ms (FindLiveObjects: 0,194454 ms CreateObjectMapping: 0,049492 ms MarkObjects: 2,508257 ms  DeleteObjects: 0,040975 ms)

========================================================================
Received Prepare
Registering precompiled user dll's ...
Registered in 0,001371 seconds.
Begin MonoManager ReloadAssembly
Native extension for LinuxStandalone target not found
Native extension for WindowsStandalone target not found
Native extension for OSXStandalone target not found
Native extension for WebGL target not found
Refreshing native plugins compatible for Editor in 0,97 ms, found 0 plugins.
Preloading 0 native plugins for Editor in 0,00 ms.
Invoked RoslynAnalysisRunner static constructor.
RoslynAnalysisRunner will not be running.
RoslynAnalysisRunner has terminated.
Mono: successfully reloaded assembly
- Completed reload, in  0,818 seconds
Platform modules already initialized, skipping
Refreshing native plugins compatible for Editor in 0,22 ms, found 0 plugins.
Preloading 0 native plugins for Editor in 0,00 ms.
Unloading 1101 Unused Serialized files (Serialized files now loaded: 0)
System memory in use before: 53,3 MB.
System memory in use after: 53,4 MB.

Unloading 4 unused Assets to reduce memory usage. Loaded Objects now: 1626.
Total: 6,473892 ms (FindLiveObjects: 0,430098 ms CreateObjectMapping: 0,131625 ms MarkObjects: 5,878632 ms  DeleteObjects: 0,030645 ms)

========================================================================
Received Import Request.
  Time since last request: 323,960828 seconds.
  path: Assets/RW/Scripts/Move.cs
  artifactKey: Guid(4e11503f9ce8b81aa85ffad3c41d8da8) Importer(815301076,1909f56bfc062723c751e8b465ee728b)
Start importing Assets/RW/Scripts/Move.cs using Guid(4e11503f9ce8b81aa85ffad3c41d8da8) Importer(815301076,1909f56bfc062723c751e8b465ee728b)  -> (artifact id: 'be8fb7e95e039e6d60cc418269002cb4') in 0,005319 seconds
  Import took 0,008226 seconds .

========================================================================
Received Import Request.
  Time since last request: 0,015646 seconds.
  path: Assets/RW/Scripts/Move.cs
  artifactKey: Guid(4e11503f9ce8b81aa85ffad3c41d8da8) Importer(815301076,1909f56bfc062723c751e8b465ee728b)
Start importing Assets/RW/Scripts/Move.cs using Guid(4e11503f9ce8b81aa85ffad3c41d8da8) Importer(815301076,1909f56bfc062723c751e8b465ee728b)  -> (artifact id: 'be8fb7e95e039e6d60cc418269002cb4') in 0,001903 seconds
  Import took 0,007890 seconds .

========================================================================
Received Prepare
Registering precompiled user dll's ...
Registered in 0,000979 seconds.
Begin MonoManager ReloadAssembly
Native extension for LinuxStandalone target not found
Native extension for WindowsStandalone target not found
Native extension for OSXStandalone target not found
Native extension for WebGL target not found
Refreshing native plugins compatible for Editor in 0,57 ms, found 0 plugins.
Preloading 0 native plugins for Editor in 0,00 ms.
Invoked RoslynAnalysisRunner static constructor.
RoslynAnalysisRunner will not be running.
RoslynAnalysisRunner has terminated.
Mono: successfully reloaded assembly
- Completed reload, in  0,831 seconds
Platform modules already initialized, skipping
Refreshing native plugins compatible for Editor in 0,21 ms, found 0 plugins.
Preloading 0 native plugins for Editor in 0,00 ms.
Unloading 1101 Unused Serialized files (Serialized files now loaded: 0)
System memory in use before: 53,3 MB.
System memory in use after: 53,4 MB.

Unloading 4 unused Assets to reduce memory usage. Loaded Objects now: 1628.
Total: 3,182474 ms (FindLiveObjects: 0,221671 ms CreateObjectMapping: 0,060173 ms MarkObjects: 2,861424 ms  DeleteObjects: 0,037047 ms)

========================================================================
Received Import Request.
  Time since last request: 32,715109 seconds.
  path: Assets/RW/Scripts/Move.cs
  artifactKey: Guid(4e11503f9ce8b81aa85ffad3c41d8da8) Importer(815301076,1909f56bfc062723c751e8b465ee728b)
Start importing Assets/RW/Scripts/Move.cs using Guid(4e11503f9ce8b81aa85ffad3c41d8da8) Importer(815301076,1909f56bfc062723c751e8b465ee728b)  -> (artifact id: 'cf3a8fe03a2b77fcd1c703c5f3442cab') in 0,005759 seconds
  Import took 0,009304 seconds .

========================================================================
Received Import Request.
  Time since last request: 36,414055 seconds.
  path: Assets/RW/Scripts/move.cs
  artifactKey: Guid(4e11503f9ce8b81aa85ffad3c41d8da8) Importer(815301076,1909f56bfc062723c751e8b465ee728b)
Start importing Assets/RW/Scripts/move.cs using Guid(4e11503f9ce8b81aa85ffad3c41d8da8) Importer(815301076,1909f56bfc062723c751e8b465ee728b)  -> (artifact id: '54e81f28051471a09df5cdaede0410e6') in 0,002001 seconds
  Import took 0,006506 seconds .

========================================================================
Received Prepare
Registering precompiled user dll's ...
Registered in 0,000677 seconds.
Begin MonoManager ReloadAssembly
Native extension for LinuxStandalone target not found
Native extension for WindowsStandalone target not found
Native extension for OSXStandalone target not found
Native extension for WebGL target not found
Refreshing native plugins compatible for Editor in 0,22 ms, found 0 plugins.
Preloading 0 native plugins for Editor in 0,00 ms.
Invoked RoslynAnalysisRunner static constructor.
RoslynAnalysisRunner will not be running.
RoslynAnalysisRunner has terminated.
Mono: successfully reloaded assembly
- Completed reload, in  0,832 seconds
Platform modules already initialized, skipping
Refreshing native plugins compatible for Editor in 0,27 ms, found 0 plugins.
Preloading 0 native plugins for Editor in 0,00 ms.
Unloading 1101 Unused Serialized files (Serialized files now loaded: 0)
System memory in use before: 53,3 MB.
System memory in use after: 53,4 MB.

Unloading 4 unused Assets to reduce memory usage. Loaded Objects now: 1630.
Total: 2,481553 ms (FindLiveObjects: 0,241655 ms CreateObjectMapping: 0,052435 ms MarkObjects: 2,158960 ms  DeleteObjects: 0,027052 ms)

========================================================================
Received Prepare
Registering precompiled user dll's ...
Registered in 0,000544 seconds.
Begin MonoManager ReloadAssembly
Native extension for LinuxStandalone target not found
Native extension for WindowsStandalone target not found
Native extension for OSXStandalone target not found
Native extension for WebGL target not found
Refreshing native plugins compatible for Editor in 0,42 ms, found 0 plugins.
Preloading 0 native plugins for Editor in 0,00 ms.
Invoked RoslynAnalysisRunner static constructor.
RoslynAnalysisRunner will not be running.
RoslynAnalysisRunner has terminated.
Mono: successfully reloaded assembly
- Completed reload, in  0,841 seconds
Platform modules already initialized, skipping
Refreshing native plugins compatible for Editor in 0,74 ms, found 0 plugins.
Preloading 0 native plugins for Editor in 0,00 ms.
Unloading 1101 Unused Serialized files (Serialized files now loaded: 0)
System memory in use before: 53,3 MB.
System memory in use after: 53,4 MB.

Unloading 4 unused Assets to reduce memory usage. Loaded Objects now: 1632.
Total: 2,703301 ms (FindLiveObjects: 0,183117 ms CreateObjectMapping: 0,068580 ms MarkObjects: 2,426544 ms  DeleteObjects: 0,023715 ms)

========================================================================
Received Import Request.
  Time since last request: 18,867487 seconds.
  path: Assets/RW/Scripts/move.cs
  artifactKey: Guid(4e11503f9ce8b81aa85ffad3c41d8da8) Importer(815301076,1909f56bfc062723c751e8b465ee728b)
Start importing Assets/RW/Scripts/move.cs using Guid(4e11503f9ce8b81aa85ffad3c41d8da8) Importer(815301076,1909f56bfc062723c751e8b465ee728b)  -> (artifact id: 'e04b0bff2800bda45f7db551d2a925b1') in 0,010037 seconds
  Import took 0,015174 seconds .

========================================================================
Received Import Request.
  Time since last request: 33,299330 seconds.
  path: Assets/RW/Prefabs/Game UI.prefab
  artifactKey: Guid(726881a9b8c21e74dbb2d4b473c6d16d) Importer(815301076,1909f56bfc062723c751e8b465ee728b)
Start importing Assets/RW/Prefabs/Game UI.prefab using Guid(726881a9b8c21e74dbb2d4b473c6d16d) Importer(815301076,1909f56bfc062723c751e8b465ee728b)  -> (artifact id: 'aa8e880e3ebc0bd21b56fa52303eeaf6') in 0,049015 seconds
  Import took 0,052356 seconds .

========================================================================
Received Import Request.
  Time since last request: 0,000163 seconds.
  path: Assets/RW/Prefabs/Smoke Particles.prefab
  artifactKey: Guid(7928344c9a39fbd4eb4c957288e1140b) Importer(815301076,1909f56bfc062723c751e8b465ee728b)
Start importing Assets/RW/Prefabs/Smoke Particles.prefab using Guid(7928344c9a39fbd4eb4c957288e1140b) Importer(815301076,1909f56bfc062723c751e8b465ee728b)  -> (artifact id: 'cc26938fd61e68b3622762608dfd20a2') in 0,009279 seconds
  Import took 0,012894 seconds .

========================================================================
Received Import Request.
  Time since last request: 0,000635 seconds.
  path: Assets/RW/Prefabs/Hay Machine.prefab
  artifactKey: Guid(c91d458c12526534eb19d65378204353) Importer(815301076,1909f56bfc062723c751e8b465ee728b)
Start importing Assets/RW/Prefabs/Hay Machine.prefab using Guid(c91d458c12526534eb19d65378204353) Importer(815301076,1909f56bfc062723c751e8b465ee728b)  -> (artifact id: 'a4ef575784b4a60e94e0689f00c05b96') in 0,058273 seconds
  Import took 0,063268 seconds .

========================================================================
Received Import Request.
  Time since last request: 0,000250 seconds.
  path: Assets/RW/Prefabs/Hay Bale.prefab
  artifactKey: Guid(da13af53d0e264fc388a220cfe5a7cd9) Importer(815301076,1909f56bfc062723c751e8b465ee728b)
Start importing Assets/RW/Prefabs/Hay Bale.prefab using Guid(da13af53d0e264fc388a220cfe5a7cd9) Importer(815301076,1909f56bfc062723c751e8b465ee728b)  -> (artifact id: 'ee08176585555a69211b7fbc8f20e67f') in 0,022639 seconds
  Import took 0,026579 seconds .

========================================================================
Received Import Request.
  Time since last request: 0,001101 seconds.
  path: Assets/RW/Prefabs/Hay Bale.prefab
  artifactKey: Guid(da13af53d0e264fc388a220cfe5a7cd9) Importer(815301076,1909f56bfc062723c751e8b465ee728b)
Start importing Assets/RW/Prefabs/Hay Bale.prefab using Guid(da13af53d0e264fc388a220cfe5a7cd9) Importer(815301076,1909f56bfc062723c751e8b465ee728b)  -> (artifact id: 'ee08176585555a69211b7fbc8f20e67f') in 0,012926 seconds
  Import took 0,017080 seconds .

========================================================================
Received Import Request.
  Time since last request: 402,843953 seconds.
  path: Assets/RW/Scripts/controllHayMachine.cs
  artifactKey: Guid(e893757248b039bc5be3a8927664ddef) Importer(815301076,1909f56bfc062723c751e8b465ee728b)
Start importing Assets/RW/Scripts/controllHayMachine.cs using Guid(e893757248b039bc5be3a8927664ddef) Importer(815301076,1909f56bfc062723c751e8b465ee728b)  -> (artifact id: '8216f5cf7eef8b9dfc79fcf8ea148f60') in 0,001098 seconds
  Import took 0,006363 seconds .

========================================================================
Received Import Request.
  Time since last request: 33,407170 seconds.
  path: Assets/RW/Scripts/controllHayMachine.cs
  artifactKey: Guid(e893757248b039bc5be3a8927664ddef) Importer(815301076,1909f56bfc062723c751e8b465ee728b)
Start importing Assets/RW/Scripts/controllHayMachine.cs using Guid(e893757248b039bc5be3a8927664ddef) Importer(815301076,1909f56bfc062723c751e8b465ee728b)  -> (artifact id: '6bb71ef3fc9dc9ecd0caf636514de4d8') in 0,002081 seconds
  Import took 0,012612 seconds .

========================================================================
Received Prepare
Registering precompiled user dll's ...
Registered in 0,000829 seconds.
Begin MonoManager ReloadAssembly
Native extension for LinuxStandalone target not found
Native extension for WindowsStandalone target not found
Native extension for OSXStandalone target not found
Native extension for WebGL target not found
Refreshing native plugins compatible for Editor in 0,27 ms, found 0 plugins.
Preloading 0 native plugins for Editor in 0,00 ms.
Invoked RoslynAnalysisRunner static constructor.
RoslynAnalysisRunner will not be running.
RoslynAnalysisRunner has terminated.
Mono: successfully reloaded assembly
- Completed reload, in  0,843 seconds
Platform modules already initialized, skipping
Refreshing native plugins compatible for Editor in 0,49 ms, found 0 plugins.
Preloading 0 native plugins for Editor in 0,00 ms.
Unloading 1101 Unused Serialized files (Serialized files now loaded: 0)
System memory in use before: 53,4 MB.
System memory in use after: 53,5 MB.

Unloading 5 unused Assets to reduce memory usage. Loaded Objects now: 1637.
Total: 2,655189 ms (FindLiveObjects: 0,194985 ms CreateObjectMapping: 0,049768 ms MarkObjects: 2,370808 ms  DeleteObjects: 0,037637 ms)

========================================================================
Received Import Request.
  Time since last request: 29,599074 seconds.
  path: Assets/RW/Scripts/controllHayMachine.cs
  artifactKey: Guid(e893757248b039bc5be3a8927664ddef) Importer(815301076,1909f56bfc062723c751e8b465ee728b)
Start importing Assets/RW/Scripts/controllHayMachine.cs using Guid(e893757248b039bc5be3a8927664ddef) Importer(815301076,1909f56bfc062723c751e8b465ee728b)  -> (artifact id: '0ad7e1f98e47be25a4a925f45c7d858e') in 0,005725 seconds
  Import took 0,010339 seconds .

